---------------------------------------------------------------
[ 2018-02-28T17:19:09+08:00 ] 127.0.0.1 127.0.0.1 GET /
[ info ] localhost:1000/ [运行时间：0.052014s][吞吐率：19.23req/s] [内存消耗：1,150.83kb] [文件加载：36]
[ info ] [ LANG ] D:\www\admin\think\lang\zh-cn.php
[ info ] [ ROUTE ] array (
  'type' => 'module',
  'module' => 
  array (
    0 => '',
    1 => NULL,
    2 => NULL,
  ),
)
[ info ] [ HEADER ] array (
  'cookie' => 'Hm_lvt_b560076a39d2d5b09c3bf2dbb5bce455=1512304207',
  'accept-language' => 'zh-CN,zh;q=0.9',
  'accept-encoding' => 'gzip, deflate, br',
  'accept' => 'text/html,application/xhtml+xml,application/xml;q=0.9,image/webp,image/apng,*/*;q=0.8',
  'user-agent' => 'Mozilla/5.0 (Windows NT 10.0; Win64; x64) AppleWebKit/537.36 (KHTML, like Gecko) Chrome/64.0.3282.186 Safari/537.36',
  'upgrade-insecure-requests' => '1',
  'connection' => 'keep-alive',
  'host' => 'localhost:1000',
  'content-length' => '',
  'content-type' => '',
)
[ info ] [ PARAM ] array (
)
[ info ] [ LANG ] D:\www\admin/app/admin\lang\zh-cn.php
[ info ] [ SESSION ] INIT array (
  'id' => '',
  'var_session_id' => '',
  'prefix' => 'think',
  'type' => '',
  'auto_start' => true,
)
[ info ] [ LOG ] INIT File
---------------------------------------------------------------
[ 2018-02-28T17:19:10+08:00 ] 127.0.0.1 127.0.0.1 GET /admin/login/index.html
[ info ] localhost:1000/admin/login/index.html [运行时间：0.209694s][吞吐率：4.77req/s] [内存消耗：1,821.93kb] [文件加载：43]
[ info ] [ LANG ] D:\www\admin\think\lang\zh-cn.php
[ info ] [ ROUTE ] array (
  'type' => 'module',
  'module' => 
  array (
    0 => 'admin',
    1 => 'login',
    2 => 'index',
  ),
)
[ info ] [ HEADER ] array (
  'cookie' => 'Hm_lvt_b560076a39d2d5b09c3bf2dbb5bce455=1512304207; PHPSESSID=8tpm5bviqg798h69abrn4krlp3',
  'accept-language' => 'zh-CN,zh;q=0.9',
  'accept-encoding' => 'gzip, deflate, br',
  'accept' => 'text/html,application/xhtml+xml,application/xml;q=0.9,image/webp,image/apng,*/*;q=0.8',
  'user-agent' => 'Mozilla/5.0 (Windows NT 10.0; Win64; x64) AppleWebKit/537.36 (KHTML, like Gecko) Chrome/64.0.3282.186 Safari/537.36',
  'upgrade-insecure-requests' => '1',
  'connection' => 'keep-alive',
  'host' => 'localhost:1000',
  'content-length' => '',
  'content-type' => '',
)
[ info ] [ PARAM ] array (
)
[ info ] [ LANG ] D:\www\admin/app/admin\lang\zh-cn.php
[ info ] [ RUN ] app\admin\controller\Login->index[ D:\www\admin\app\admin\controller\Login.php ]
[ info ] [ DB ] INIT mysql
[ info ] [ VIEW ] D:\www\admin/app/admin\view\login\login.html [ array (
) ]
[ info ] [ LOG ] INIT File
[ sql ] [ DB ] CONNECT:[ UseTime:0.033434s ] mysql:dbname=wawabang_test;host=106.14.113.124;port=3306;charset=utf8
[ sql ] [ SQL ] SHOW COLUMNS FROM `tes_auth_rule` [ RunTime:0.046613s ]
[ sql ] [ SQL ] SELECT * FROM `tes_auth_rule` [ RunTime:0.023016s ]
[ sql ] [ SQL ] SHOW COLUMNS FROM `tes_system_basic` [ RunTime:0.024789s ]
[ sql ] [ SQL ] SELECT * FROM `tes_system_basic` WHERE  `sys_id` = 1 LIMIT 1 [ RunTime:0.036523s ]
---------------------------------------------------------------
[ 2018-02-28T17:19:10+08:00 ] 127.0.0.1 127.0.0.1 GET /public/static/admin/Images/login-bg-1.jpg
[ info ] localhost:1000/public/static/admin/Images/login-bg-1.jpg [运行时间：0.026844s][吞吐率：37.25req/s] [内存消耗：847.89kb] [文件加载：27]
[ info ] [ LANG ] D:\www\admin\think\lang\zh-cn.php
[ info ] [ ROUTE ] array (
  'type' => 'module',
  'module' => 
  array (
    0 => 'public',
    1 => 'static',
    2 => 'admin',
  ),
)
[ info ] [ HEADER ] array (
  'cookie' => 'Hm_lvt_b560076a39d2d5b09c3bf2dbb5bce455=1512304207; PHPSESSID=8tpm5bviqg798h69abrn4krlp3',
  'accept-language' => 'zh-CN,zh;q=0.9',
  'accept-encoding' => 'gzip, deflate, br',
  'referer' => 'http://localhost:1000/public/static/admin/css/login.css',
  'accept' => 'image/webp,image/apng,image/*,*/*;q=0.8',
  'user-agent' => 'Mozilla/5.0 (Windows NT 10.0; Win64; x64) AppleWebKit/537.36 (KHTML, like Gecko) Chrome/64.0.3282.186 Safari/537.36',
  'connection' => 'keep-alive',
  'host' => 'localhost:1000',
  'content-length' => '',
  'content-type' => '',
)
[ info ] [ PARAM ] array (
  'Images' => 'login-bg-1.jpg',
)
[ info ] [ LOG ] INIT File
---------------------------------------------------------------
[ 2018-02-28T17:19:11+08:00 ] 127.0.0.1 127.0.0.1 POST /admin/login/index.html
[ info ] localhost:1000/admin/login/index.html [运行时间：0.143808s][吞吐率：6.95req/s] [内存消耗：1,952.17kb] [文件加载：43]
[ info ] [ LANG ] D:\www\admin\think\lang\zh-cn.php
[ info ] [ ROUTE ] array (
  'type' => 'module',
  'module' => 
  array (
    0 => 'admin',
    1 => 'login',
    2 => 'index',
  ),
)
[ info ] [ HEADER ] array (
  'cookie' => 'Hm_lvt_b560076a39d2d5b09c3bf2dbb5bce455=1512304207; PHPSESSID=8tpm5bviqg798h69abrn4krlp3',
  'accept-language' => 'zh-CN,zh;q=0.9',
  'accept-encoding' => 'gzip, deflate, br',
  'referer' => 'http://localhost:1000/admin/login/index.html',
  'content-type' => 'application/x-www-form-urlencoded; charset=UTF-8',
  'user-agent' => 'Mozilla/5.0 (Windows NT 10.0; Win64; x64) AppleWebKit/537.36 (KHTML, like Gecko) Chrome/64.0.3282.186 Safari/537.36',
  'x-requested-with' => 'XMLHttpRequest',
  'origin' => 'http://localhost:1000',
  'accept' => '*/*',
  'content-length' => '34',
  'connection' => 'keep-alive',
  'host' => 'localhost:1000',
)
[ info ] [ PARAM ] array (
  'adm_username' => 'zhugou',
  'adm_pwd' => '121121',
)
[ info ] [ LANG ] D:\www\admin/app/admin\lang\zh-cn.php
[ info ] [ RUN ] app\admin\controller\Login->index[ D:\www\admin\app\admin\controller\Login.php ]
[ info ] [ DB ] INIT mysql
[ info ] [ SESSION ] INIT array (
  'id' => '',
  'var_session_id' => '',
  'prefix' => 'think',
  'type' => '',
  'auto_start' => true,
)
[ info ] [ LOG ] INIT File
[ sql ] [ DB ] CONNECT:[ UseTime:0.053028s ] mysql:dbname=wawabang_test;host=106.14.113.124;port=3306;charset=utf8
[ sql ] [ SQL ] SHOW COLUMNS FROM `tes_admin` [ RunTime:0.031810s ]
[ sql ] [ SQL ] SELECT * FROM `tes_admin` WHERE  `adm_username` = 'zhugou' LIMIT 1 [ RunTime:0.025891s ]
---------------------------------------------------------------
[ 2018-02-28T17:19:14+08:00 ] 127.0.0.1 127.0.0.1 GET /admin/index/index.html
[ info ] localhost:1000/admin/index/index.html [运行时间：0.231223s][吞吐率：4.32req/s] [内存消耗：1,908.69kb] [文件加载：45]
[ info ] [ LANG ] D:\www\admin\think\lang\zh-cn.php
[ info ] [ ROUTE ] array (
  'type' => 'module',
  'module' => 
  array (
    0 => 'admin',
    1 => 'index',
    2 => 'index',
  ),
)
[ info ] [ HEADER ] array (
  'cookie' => 'Hm_lvt_b560076a39d2d5b09c3bf2dbb5bce455=1512304207; PHPSESSID=8tpm5bviqg798h69abrn4krlp3',
  'accept-language' => 'zh-CN,zh;q=0.9',
  'accept-encoding' => 'gzip, deflate, br',
  'referer' => 'http://localhost:1000/admin/login/index.html',
  'accept' => 'text/html,application/xhtml+xml,application/xml;q=0.9,image/webp,image/apng,*/*;q=0.8',
  'user-agent' => 'Mozilla/5.0 (Windows NT 10.0; Win64; x64) AppleWebKit/537.36 (KHTML, like Gecko) Chrome/64.0.3282.186 Safari/537.36',
  'upgrade-insecure-requests' => '1',
  'connection' => 'keep-alive',
  'host' => 'localhost:1000',
  'content-length' => '',
  'content-type' => '',
)
[ info ] [ PARAM ] array (
)
[ info ] [ LANG ] D:\www\admin/app/admin\lang\zh-cn.php
[ info ] [ SESSION ] INIT array (
  'id' => '',
  'var_session_id' => '',
  'prefix' => 'think',
  'type' => '',
  'auto_start' => true,
)
[ info ] [ DB ] INIT mysql
[ info ] [ RUN ] app\admin\controller\Index->index[ D:\www\admin\app\admin\controller\Index.php ]
[ info ] [ VIEW ] D:\www\admin/app/admin\view\index\index.html [ array (
  0 => 'menus',
) ]
[ info ] [ LOG ] INIT File
[ sql ] [ DB ] CONNECT:[ UseTime:0.028141s ] mysql:dbname=wawabang_test;host=106.14.113.124;port=3306;charset=utf8
[ sql ] [ SQL ] SHOW COLUMNS FROM `tes_system_basic` [ RunTime:0.026810s ]
[ sql ] [ SQL ] SELECT * FROM `tes_system_basic` WHERE  `sys_id` = 1 LIMIT 1 [ RunTime:0.027524s ]
[ sql ] [ SQL ] SHOW COLUMNS FROM `tes_admin` [ RunTime:0.037065s ]
[ sql ] [ SQL ] SELECT * FROM `tes_admin` LEFT JOIN `tes_auth_group` `tes_auth_group` ON `adm_id`=`agr_id` WHERE  (  adm_id=1 ) LIMIT 1 [ RunTime:0.024739s ]
[ sql ] [ SQL ] SHOW COLUMNS FROM `tes_auth_rule` [ RunTime:0.023699s ]
[ sql ] [ SQL ] SELECT * FROM `tes_auth_rule` WHERE  `aru_status` = 1  AND `aru_id` IN (0,1,2,3,4,5,6,7,8,9,10,11,316,12,13,14,15,16,17,18,19,314,315,20,21,22,23,24,25,26,27,28,29,30,0) ORDER BY `aru_sort` [ RunTime:0.024663s ]
---------------------------------------------------------------
[ 2018-02-28T17:19:14+08:00 ] 127.0.0.1 127.0.0.1 GET /admin/index/main.html
[ info ] localhost:1000/admin/index/main.html [运行时间：0.140069s][吞吐率：7.14req/s] [内存消耗：1,799.00kb] [文件加载：44]
[ info ] [ LANG ] D:\www\admin\think\lang\zh-cn.php
[ info ] [ ROUTE ] array (
  'type' => 'module',
  'module' => 
  array (
    0 => 'admin',
    1 => 'index',
    2 => 'main',
  ),
)
[ info ] [ HEADER ] array (
  'cookie' => 'Hm_lvt_b560076a39d2d5b09c3bf2dbb5bce455=1512304207; PHPSESSID=8tpm5bviqg798h69abrn4krlp3',
  'accept-language' => 'zh-CN,zh;q=0.9',
  'accept-encoding' => 'gzip, deflate, br',
  'referer' => 'http://localhost:1000/admin/index/index.html',
  'accept' => 'text/html,application/xhtml+xml,application/xml;q=0.9,image/webp,image/apng,*/*;q=0.8',
  'user-agent' => 'Mozilla/5.0 (Windows NT 10.0; Win64; x64) AppleWebKit/537.36 (KHTML, like Gecko) Chrome/64.0.3282.186 Safari/537.36',
  'upgrade-insecure-requests' => '1',
  'connection' => 'keep-alive',
  'host' => 'localhost:1000',
  'content-length' => '',
  'content-type' => '',
)
[ info ] [ PARAM ] array (
)
[ info ] [ LANG ] D:\www\admin/app/admin\lang\zh-cn.php
[ info ] [ SESSION ] INIT array (
  'id' => '',
  'var_session_id' => '',
  'prefix' => 'think',
  'type' => '',
  'auto_start' => true,
)
[ info ] [ DB ] INIT mysql
[ info ] [ RUN ] app\admin\controller\Index->main[ D:\www\admin\app\admin\controller\Index.php ]
[ info ] [ VIEW ] D:\www\admin/app/admin\view\index\main.html [ array (
  0 => 'config',
) ]
[ info ] [ LOG ] INIT File
[ sql ] [ DB ] CONNECT:[ UseTime:0.033519s ] mysql:dbname=wawabang_test;host=106.14.113.124;port=3306;charset=utf8
[ sql ] [ SQL ] SHOW COLUMNS FROM `tes_system_basic` [ RunTime:0.030062s ]
[ sql ] [ SQL ] SELECT * FROM `tes_system_basic` WHERE  `sys_id` = 1 LIMIT 1 [ RunTime:0.021536s ]
[ sql ] [ SQL ] SELECT VERSION() AS ver [ RunTime:0.019841s ]
